mpifort  -O2 -freal-4-real-8 -cpp -Wall -Wextra -pedantic -c constants.f90
mpifort  -O2 -freal-4-real-8 -cpp -Wall -Wextra -pedantic -c photon_vars.f90
mpifort  -O2 -freal-4-real-8 -cpp -Wall -Wextra -pedantic -c iarray.f90
mpifort  -O2 -freal-4-real-8 -cpp -Wall -Wextra -pedantic -c opt_prop.f90
mpifort  -O2 -freal-4-real-8 -cpp -Wall -Wextra -pedantic -c subs.f90
mpifort  -O2 -freal-4-real-8 -cpp -Wall -Wextra -pedantic -c ch_opt.f90
mpifort  -O2 -freal-4-real-8 -cpp -Wall -Wextra -pedantic -c density.f90
mpifort  -O2 -freal-4-real-8 -cpp -Wall -Wextra -pedantic -c gridset.f90
mpifort  -O2 -freal-4-real-8 -cpp -Wall -Wextra -pedantic -c inttau2.f90
inttau2.f90:256:10:

       if (val == a(1)) then
          1
Warning: Equality comparison for REAL(8) at (1)
inttau2.f90:258:15:

       else if (val == a(n)) then
               1
Warning: Equality comparison for REAL(8) at (1)
inttau2.f90:197:8:

      if(n1 == 1.38)then
        1
Warning: Equality comparison for REAL(8) at (1)
inttau2.f90:105:13:

       elseif(nxp == 0.)then
             1
Warning: Equality comparison for REAL(8) at (1)
inttau2.f90:113:13:

       elseif(nyp == 0.)then
             1
Warning: Equality comparison for REAL(8) at (1)
inttau2.f90:121:13:

       elseif(nzp == 0.)then
             1
Warning: Equality comparison for REAL(8) at (1)
inttau2.f90:127:9:

       if(wall_dist == dx)dir=(/.TRUE., .FALSE., .FALSE./)
         1
Warning: Equality comparison for REAL(8) at (1)
inttau2.f90:128:9:

       if(wall_dist == dy)dir=(/.FALSE., .TRUE., .FALSE./)
         1
Warning: Equality comparison for REAL(8) at (1)
inttau2.f90:129:9:

       if(wall_dist == dz)dir=(/.FALSE., .FALSE., .TRUE./)
         1
Warning: Equality comparison for REAL(8) at (1)
inttau2.f90:11:10:

       use constants,   only : nxg, nyg, nzg
          1
Warning: Unused parameter ‘nzg’ which has been explicitly imported at (1) [-Wunused-parameter]
inttau2.f90:98:0:

       real                   :: dx, dy, dz
 ^
Warning: ‘dx’ may be used uninitialized in this function [-Wmaybe-uninitialized]
inttau2.f90:125:0:

       wall_dist = min(dx, dy, dz)
 ^
Warning: ‘dz’ may be used uninitialized in this function [-Wmaybe-uninitialized]
inttau2.f90:98:0:

       real                   :: dx, dy, dz
 ^
Warning: ‘dy’ may be used uninitialized in this function [-Wmaybe-uninitialized]
mpifort  -O2 -freal-4-real-8 -cpp -Wall -Wextra -pedantic -c stokes.f90
stokes.f90:21:6:

    if(hgg.eq.0.0) then
      1
Warning: Equality comparison for REAL(8) at (1)
stokes.f90:69:12:

          if(bmu.eq.1.) then
            1
Warning: Equality comparison for REAL(8) at (1)
stokes.f90:72:15:

             if(bmu.eq.-1.) then
               1
Warning: Equality comparison for REAL(8) at (1)
stokes.f90:107:12:

          if(bmu.eq.1.) then
            1
Warning: Equality comparison for REAL(8) at (1)
stokes.f90:110:15:

             if(bmu.eq.-1.) then
               1
Warning: Equality comparison for REAL(8) at (1)
mpifort  -O2 -freal-4-real-8 -cpp -Wall -Wextra -pedantic -c sourceph.f90
sourceph.f90:7:64:

    subroutine sourceph(xmax,ymax,zmax,xcell,ycell,zcell,iseed, j)
                                                                1
Warning: Unused dummy argument ‘j’ at (1) [-Wunused-dummy-argument]
sourceph.f90:9:7:

    use constants, only : nxg,nyg,nzg,pi,twopi
       1
Warning: Unused parameter ‘pi’ which has been explicitly imported at (1) [-Wunused-parameter]
mpifort  -O2 -freal-4-real-8 -cpp -Wall -Wextra -pedantic -c writer.f90
mpifort  -O2 -freal-4-real-8 -cpp -Wall -Wextra -pedantic -c mcpolar.f90
mpifort -O2 -freal-4-real-8 -cpp -Wall -Wextra -pedantic -o mcgrid ran2.f constants.o photon_vars.o iarray.o opt_prop.o subs.o ch_opt.o density.o gridset.o inttau2.o stokes.o sourceph.o writer.o mcpolar.o 
